TN:
SF:src/app.ts
FN:11,(anonymous_1)
FN:21,(anonymous_2)
FN:32,(anonymous_3)
FN:42,(anonymous_4)
FN:56,(anonymous_5)
FNF:5
FNH:0
FNDA:0,(anonymous_1)
FNDA:0,(anonymous_2)
FNDA:0,(anonymous_3)
FNDA:0,(anonymous_4)
FNDA:0,(anonymous_5)
DA:1,0
DA:2,0
DA:3,0
DA:4,0
DA:6,0
DA:7,0
DA:8,0
DA:11,0
DA:12,0
DA:13,0
DA:14,0
DA:16,0
DA:21,0
DA:22,0
DA:23,0
DA:24,0
DA:25,0
DA:27,0
DA:32,0
DA:33,0
DA:34,0
DA:35,0
DA:37,0
DA:42,0
DA:43,0
DA:44,0
DA:45,0
DA:46,0
DA:48,0
DA:49,0
DA:51,0
DA:55,0
DA:56,0
DA:57,0
LF:34
LH:0
BRDA:45,0,0,0
BRDA:45,1,0,0
BRDA:45,1,1,0
BRDA:55,2,0,0
BRDA:55,2,1,0
BRF:5
BRH:0
end_of_record
TN:
SF:src/services/exchangeRates.ts
FN:13,(anonymous_0)
FN:17,(anonymous_1)
FN:36,(anonymous_2)
FN:40,(anonymous_3)
FNF:4
FNH:4
FNDA:1,(anonymous_0)
FNDA:5,(anonymous_1)
FNDA:13,(anonymous_2)
FNDA:7,(anonymous_3)
DA:3,2
DA:4,2
DA:11,2
DA:14,1
DA:22,5
DA:23,5
DA:25,5
DA:26,1
DA:29,4
DA:31,4
DA:37,13
DA:41,7
LF:12
LH:12
BRDA:25,0,0,1
BRDA:25,1,0,5
BRDA:25,1,1,4
BRDA:31,2,0,1
BRDA:31,2,1,3
BRF:5
BRH:5
end_of_record
TN:
SF:src/services/expenseService.ts
FN:8,(anonymous_0)
FN:31,(anonymous_1)
FN:35,(anonymous_2)
FN:43,(anonymous_3)
FN:53,(anonymous_4)
FNF:5
FNH:5
FNDA:8,(anonymous_0)
FNDA:1,(anonymous_1)
FNDA:2,(anonymous_2)
FNDA:2,(anonymous_3)
FNDA:2,(anonymous_4)
DA:1,1
DA:3,1
DA:5,1
DA:6,1
DA:9,8
DA:10,1
DA:13,7
DA:14,1
DA:17,6
DA:27,6
DA:28,6
DA:32,1
DA:39,2
DA:40,1
DA:43,2
DA:52,1
DA:53,2
DA:57,1
LF:18
LH:18
BRDA:9,0,0,1
BRDA:13,1,0,1
BRDA:20,2,0,1
BRDA:20,2,1,5
BRDA:39,3,0,1
BRDA:58,4,0,0
BRDA:58,4,1,1
BRF:7
BRH:6
end_of_record
